/home/ailab/.local/lib/python3.6/site-packages/tensorflow/python/framework/dtypes.py:516: FutureWarning: Passing (type, 1) or '1type' as a synonym of type is deprecated; in a future version of numpy, it will be understood as (type, (1,)) / '(1,)type'.
  _np_qint8 = np.dtype([("qint8", np.int8, 1)])
/home/ailab/.local/lib/python3.6/site-packages/tensorflow/python/framework/dtypes.py:517: FutureWarning: Passing (type, 1) or '1type' as a synonym of type is deprecated; in a future version of numpy, it will be understood as (type, (1,)) / '(1,)type'.
  _np_quint8 = np.dtype([("quint8", np.uint8, 1)])
/home/ailab/.local/lib/python3.6/site-packages/tensorflow/python/framework/dtypes.py:518: FutureWarning: Passing (type, 1) or '1type' as a synonym of type is deprecated; in a future version of numpy, it will be understood as (type, (1,)) / '(1,)type'.
  _np_qint16 = np.dtype([("qint16", np.int16, 1)])
/home/ailab/.local/lib/python3.6/site-packages/tensorflow/python/framework/dtypes.py:519: FutureWarning: Passing (type, 1) or '1type' as a synonym of type is deprecated; in a future version of numpy, it will be understood as (type, (1,)) / '(1,)type'.
  _np_quint16 = np.dtype([("quint16", np.uint16, 1)])
/home/ailab/.local/lib/python3.6/site-packages/tensorflow/python/framework/dtypes.py:520: FutureWarning: Passing (type, 1) or '1type' as a synonym of type is deprecated; in a future version of numpy, it will be understood as (type, (1,)) / '(1,)type'.
  _np_qint32 = np.dtype([("qint32", np.int32, 1)])
/home/ailab/.local/lib/python3.6/site-packages/tensorflow/python/framework/dtypes.py:525: FutureWarning: Passing (type, 1) or '1type' as a synonym of type is deprecated; in a future version of numpy, it will be understood as (type, (1,)) / '(1,)type'.
  np_resource = np.dtype([("resource", np.ubyte, 1)])
/home/ailab/.local/lib/python3.6/site-packages/tensorboard/compat/tensorflow_stub/dtypes.py:541: FutureWarning: Passing (type, 1) or '1type' as a synonym of type is deprecated; in a future version of numpy, it will be understood as (type, (1,)) / '(1,)type'.
  _np_qint8 = np.dtype([("qint8", np.int8, 1)])
/home/ailab/.local/lib/python3.6/site-packages/tensorboard/compat/tensorflow_stub/dtypes.py:542: FutureWarning: Passing (type, 1) or '1type' as a synonym of type is deprecated; in a future version of numpy, it will be understood as (type, (1,)) / '(1,)type'.
  _np_quint8 = np.dtype([("quint8", np.uint8, 1)])
/home/ailab/.local/lib/python3.6/site-packages/tensorboard/compat/tensorflow_stub/dtypes.py:543: FutureWarning: Passing (type, 1) or '1type' as a synonym of type is deprecated; in a future version of numpy, it will be understood as (type, (1,)) / '(1,)type'.
  _np_qint16 = np.dtype([("qint16", np.int16, 1)])
/home/ailab/.local/lib/python3.6/site-packages/tensorboard/compat/tensorflow_stub/dtypes.py:544: FutureWarning: Passing (type, 1) or '1type' as a synonym of type is deprecated; in a future version of numpy, it will be understood as (type, (1,)) / '(1,)type'.
  _np_quint16 = np.dtype([("quint16", np.uint16, 1)])
/home/ailab/.local/lib/python3.6/site-packages/tensorboard/compat/tensorflow_stub/dtypes.py:545: FutureWarning: Passing (type, 1) or '1type' as a synonym of type is deprecated; in a future version of numpy, it will be understood as (type, (1,)) / '(1,)type'.
  _np_qint32 = np.dtype([("qint32", np.int32, 1)])
/home/ailab/.local/lib/python3.6/site-packages/tensorboard/compat/tensorflow_stub/dtypes.py:550: FutureWarning: Passing (type, 1) or '1type' as a synonym of type is deprecated; in a future version of numpy, it will be understood as (type, (1,)) / '(1,)type'.
  np_resource = np.dtype([("resource", np.ubyte, 1)])
Using TensorFlow backend.
WARNING:tensorflow:From /home/ailab/.local/lib/python3.6/site-packages/keras/backend/tensorflow_backend.py:66: The name tf.get_default_graph is deprecated. Please use tf.compat.v1.get_default_graph instead.

WARNING:tensorflow:From /home/ailab/.local/lib/python3.6/site-packages/keras/backend/tensorflow_backend.py:541: The name tf.placeholder is deprecated. Please use tf.compat.v1.placeholder instead.

WARNING:tensorflow:From /home/ailab/.local/lib/python3.6/site-packages/keras/backend/tensorflow_backend.py:4432: The name tf.random_uniform is deprecated. Please use tf.random.uniform instead.

WARNING:tensorflow:From /home/ailab/.local/lib/python3.6/site-packages/keras/backend/tensorflow_backend.py:190: The name tf.get_default_session is deprecated. Please use tf.compat.v1.get_default_session instead.

WARNING:tensorflow:From /home/ailab/.local/lib/python3.6/site-packages/keras/backend/tensorflow_backend.py:197: The name tf.ConfigProto is deprecated. Please use tf.compat.v1.ConfigProto instead.

2020-10-20 12:25:32.316584: I tensorflow/core/platform/cpu_feature_guard.cc:142] Your CPU supports instructions that this TensorFlow binary was not compiled to use: AVX2 AVX512F FMA
2020-10-20 12:25:32.323882: I tensorflow/stream_executor/platform/default/dso_loader.cc:42] Successfully opened dynamic library libcuda.so.1
2020-10-20 12:25:33.099288: I tensorflow/compiler/xla/service/service.cc:168] XLA service 0x4363130 executing computations on platform CUDA. Devices:
2020-10-20 12:25:33.099404: I tensorflow/compiler/xla/service/service.cc:175]   StreamExecutor device (0): GeForce RTX 2080 Ti, Compute Capability 7.5
2020-10-20 12:25:33.099465: I tensorflow/compiler/xla/service/service.cc:175]   StreamExecutor device (1): GeForce RTX 2080 Ti, Compute Capability 7.5
2020-10-20 12:25:33.099489: I tensorflow/compiler/xla/service/service.cc:175]   StreamExecutor device (2): GeForce RTX 2080 Ti, Compute Capability 7.5
2020-10-20 12:25:33.099510: I tensorflow/compiler/xla/service/service.cc:175]   StreamExecutor device (3): GeForce RTX 2080 Ti, Compute Capability 7.5
2020-10-20 12:25:33.106432: I tensorflow/core/platform/profile_utils/cpu_utils.cc:94] CPU Frequency: 2100000000 Hz
2020-10-20 12:25:33.109809: I tensorflow/compiler/xla/service/service.cc:168] XLA service 0x48c38b0 executing computations on platform Host. Devices:
2020-10-20 12:25:33.109899: I tensorflow/compiler/xla/service/service.cc:175]   StreamExecutor device (0): <undefined>, <undefined>
2020-10-20 12:25:33.112645: I tensorflow/core/common_runtime/gpu/gpu_device.cc:1640] Found device 0 with properties: 
name: GeForce RTX 2080 Ti major: 7 minor: 5 memoryClockRate(GHz): 1.62
pciBusID: 0000:3b:00.0
2020-10-20 12:25:33.113908: I tensorflow/core/common_runtime/gpu/gpu_device.cc:1640] Found device 1 with properties: 
name: GeForce RTX 2080 Ti major: 7 minor: 5 memoryClockRate(GHz): 1.62
pciBusID: 0000:5e:00.0
2020-10-20 12:25:33.115049: I tensorflow/core/common_runtime/gpu/gpu_device.cc:1640] Found device 2 with properties: 
name: GeForce RTX 2080 Ti major: 7 minor: 5 memoryClockRate(GHz): 1.62
pciBusID: 0000:b1:00.0
2020-10-20 12:25:33.116174: I tensorflow/core/common_runtime/gpu/gpu_device.cc:1640] Found device 3 with properties: 
name: GeForce RTX 2080 Ti major: 7 minor: 5 memoryClockRate(GHz): 1.62
pciBusID: 0000:d9:00.0
2020-10-20 12:25:33.116475: I tensorflow/stream_executor/platform/default/dso_loader.cc:42] Successfully opened dynamic library libcudart.so.10.0
2020-10-20 12:25:33.118528: I tensorflow/stream_executor/platform/default/dso_loader.cc:42] Successfully opened dynamic library libcublas.so.10.0
2020-10-20 12:25:33.120332: I tensorflow/stream_executor/platform/default/dso_loader.cc:42] Successfully opened dynamic library libcufft.so.10.0
2020-10-20 12:25:33.120744: I tensorflow/stream_executor/platform/default/dso_loader.cc:42] Successfully opened dynamic library libcurand.so.10.0
2020-10-20 12:25:33.123182: I tensorflow/stream_executor/platform/default/dso_loader.cc:42] Successfully opened dynamic library libcusolver.so.10.0
2020-10-20 12:25:33.124616: I tensorflow/stream_executor/platform/default/dso_loader.cc:42] Successfully opened dynamic library libcusparse.so.10.0
2020-10-20 12:25:33.128375: I tensorflow/stream_executor/platform/default/dso_loader.cc:42] Successfully opened dynamic library libcudnn.so.7
2020-10-20 12:25:33.134261: I tensorflow/core/common_runtime/gpu/gpu_device.cc:1763] Adding visible gpu devices: 0, 1, 2, 3
2020-10-20 12:25:33.134314: I tensorflow/stream_executor/platform/default/dso_loader.cc:42] Successfully opened dynamic library libcudart.so.10.0
2020-10-20 12:25:33.137792: I tensorflow/core/common_runtime/gpu/gpu_device.cc:1181] Device interconnect StreamExecutor with strength 1 edge matrix:
2020-10-20 12:25:33.137812: I tensorflow/core/common_runtime/gpu/gpu_device.cc:1187]      0 1 2 3 
2020-10-20 12:25:33.137819: I tensorflow/core/common_runtime/gpu/gpu_device.cc:1200] 0:   N N N N 
2020-10-20 12:25:33.137824: I tensorflow/core/common_runtime/gpu/gpu_device.cc:1200] 1:   N N N N 
2020-10-20 12:25:33.137829: I tensorflow/core/common_runtime/gpu/gpu_device.cc:1200] 2:   N N N N 
2020-10-20 12:25:33.137834: I tensorflow/core/common_runtime/gpu/gpu_device.cc:1200] 3:   N N N N 
2020-10-20 12:25:33.141625: I tensorflow/core/common_runtime/gpu/gpu_device.cc:1326] Created TensorFlow device (/job:localhost/replica:0/task:0/device:GPU:0 with 10320 MB memory) -> physical GPU (device: 0, name: GeForce RTX 2080 Ti, pci bus id: 0000:3b:00.0, compute capability: 7.5)
2020-10-20 12:25:33.143156: I tensorflow/core/common_runtime/gpu/gpu_device.cc:1326] Created TensorFlow device (/job:localhost/replica:0/task:0/device:GPU:1 with 10320 MB memory) -> physical GPU (device: 1, name: GeForce RTX 2080 Ti, pci bus id: 0000:5e:00.0, compute capability: 7.5)
2020-10-20 12:25:33.144585: I tensorflow/core/common_runtime/gpu/gpu_device.cc:1326] Created TensorFlow device (/job:localhost/replica:0/task:0/device:GPU:2 with 10320 MB memory) -> physical GPU (device: 2, name: GeForce RTX 2080 Ti, pci bus id: 0000:b1:00.0, compute capability: 7.5)
2020-10-20 12:25:33.147671: I tensorflow/core/common_runtime/gpu/gpu_device.cc:1326] Created TensorFlow device (/job:localhost/replica:0/task:0/device:GPU:3 with 10320 MB memory) -> physical GPU (device: 3, name: GeForce RTX 2080 Ti, pci bus id: 0000:d9:00.0, compute capability: 7.5)
WARNING:tensorflow:From /home/ailab/.local/lib/python3.6/site-packages/keras/backend/tensorflow_backend.py:2041: The name tf.nn.fused_batch_norm is deprecated. Please use tf.compat.v1.nn.fused_batch_norm instead.

WARNING:tensorflow:From /home/ailab/.local/lib/python3.6/site-packages/keras/backend/tensorflow_backend.py:4267: The name tf.nn.max_pool is deprecated. Please use tf.nn.max_pool2d instead.

WARNING:tensorflow:From /home/ailab/.local/lib/python3.6/site-packages/keras/backend/tensorflow_backend.py:4271: The name tf.nn.avg_pool is deprecated. Please use tf.nn.avg_pool2d instead.

2020-10-20 12:25:41.872670: I tensorflow/stream_executor/platform/default/dso_loader.cc:42] Successfully opened dynamic library libcublas.so.10.0
2020-10-20 12:25:42.047705: I tensorflow/stream_executor/platform/default/dso_loader.cc:42] Successfully opened dynamic library libcudnn.so.7
